Compiling the C compiler identification source file "CMakeCCompilerId.c" failed.
Compiler: C:/cygwin/bin/cc 
Build flags: 
Id flags: 

The output was:
Accès refusé


Compiling the C compiler identification source file "CMakeCCompilerId.c" failed.
Compiler: C:/cygwin/bin/cc 
Build flags: 
Id flags: -c

The output was:
Accès refusé


Compiling the C compiler identification source file "CMakeCCompilerId.c" failed.
Compiler: C:/cygwin/bin/cc 
Build flags: 
Id flags: -Aa

The output was:
Accès refusé


Checking whether the C compiler is IAR using "" did not match "IAR .+ Compiler":
Detecting C compiler ABI info failed to compile with the following output:
Change Dir: C:/Users/pastafarian/Dropbox/project/Strat3/win-build/CMakeFiles/CMakeTmp

Run Build Command:C:/cygwin/bin/make.exe "cmTryCompileExec1859577112/fast"
/usr/bin/make -f CMakeFiles/cmTryCompileExec1859577112.dir/build.make CMakeFiles/cmTryCompileExec1859577112.dir/build
make[1]: Entering directory '/cygdrive/c/Users/pastafarian/Dropbox/project/Strat3/win-build/CMakeFiles/CMakeTmp'
CMakeFiles/cmTryCompileExec1859577112.dir/build.make:59: *** target pattern contains no '%'.  Stop.
make[1]: Leaving directory '/cygdrive/c/Users/pastafarian/Dropbox/project/Strat3/win-build/CMakeFiles/CMakeTmp'
Makefile:117: recipe for target 'cmTryCompileExec1859577112/fast' failed
make: *** [cmTryCompileExec1859577112/fast] Error 2



Detecting CXX compiler ABI info failed to compile with the following output:
Change Dir: C:/Users/pastafarian/Dropbox/project/Strat3/win-build/CMakeFiles/CMakeTmp

Run Build Command:C:/cygwin/bin/make.exe "cmTryCompileExec1346514640/fast"
/usr/bin/make -f CMakeFiles/cmTryCompileExec1346514640.dir/build.make CMakeFiles/cmTryCompileExec1346514640.dir/build
make[1]: Entering directory '/cygdrive/c/Users/pastafarian/Dropbox/project/Strat3/win-build/CMakeFiles/CMakeTmp'
CMakeFiles/cmTryCompileExec1346514640.dir/build.make:59: *** target pattern contains no '%'.  Stop.
make[1]: Leaving directory '/cygdrive/c/Users/pastafarian/Dropbox/project/Strat3/win-build/CMakeFiles/CMakeTmp'
Makefile:117: recipe for target 'cmTryCompileExec1346514640/fast' failed
make: *** [cmTryCompileExec1346514640/fast] Error 2



